State 101 conflicts: 1 shift/reduce


Grammar

    0 $accept: ROOT $end

    1 ROOT: Translation_Unit

    2 Translation_Unit: External_Declaration
    3                 | Translation_Unit External_Declaration

    4 External_Declaration: Declaration
    5                     | Function_Definition

    6 Function_Definition: Declaration_Specifiers Declarator Compound_Statement

    7 Compound_Statement: T_LCBRACK T_RCBRACK
    8                   | T_LCBRACK Statement_List T_RCBRACK
    9                   | T_LCBRACK Declaration_List T_RCBRACK
   10                   | T_LCBRACK Declaration_List Statement_List T_RCBRACK

   11 Declaration_List: Declaration
   12                 | Declaration_List Declaration

   13 Declaration: Declaration_Specifiers T_SEMICOLON
   14            | Declaration_Specifiers Init_Declarator_List T_SEMICOLON

   15 Statement_List: Statement
   16               | Statement_List Statement

   17 Statement: Compound_Statement
   18          | Selection_Statement
   19          | Iteration_Statement
   20          | Return_Statement

   21 Selection_Statement: T_IF T_LRBRACK Expression T_RRBRACK Statement T_ELSE Statement
   22                    | T_IF T_LRBRACK Expression T_RRBRACK Statement

   23 Iteration_Statement: T_WHILE T_LRBRACK Expression T_RRBRACK Statement

   24 Return_Statement: T_RETURN T_SEMICOLON
   25                 | T_RETURN Expression T_SEMICOLON

   26 Expression: Assignment_Expression

   27 Init_Declarator_List: Init_Declarator

   28 Init_Declarator: Declarator T_EQUAL Initializer
   29                | Declarator

   30 Initializer: Assignment_Expression

   31 Assignment_Expression: Conditional_Expression

   32 Conditional_Expression: Logical_OR_Expression

   33 Logical_OR_Expression: Logical_AND_Expression

   34 Logical_AND_Expression: Inclusive_OR_Expressoin

   35 Inclusive_OR_Expressoin: Exclusive_OR_Expression

   36 Exclusive_OR_Expression: AND_Expression

   37 AND_Expression: Equality_Expression

   38 Equality_Expression: Relational_Expression

   39 Relational_Expression: Shift_Expression

   40 Shift_Expression: Additive_Expression

   41 Additive_Expression: Multiplicative_Expression

   42 Multiplicative_Expression: Cast_Expression

   43 Cast_Expression: Unary_Expression

   44 Unary_Expression: Postfix_Expression

   45 Postfix_Expression: Primary_Expression

   46 Primary_Expression: T_IDENTIFIER
   47                   | T_NUMBER

   48 Declarator: Direct_Declarator

   49 Direct_Declarator: T_IDENTIFIER
   50                  | Direct_Declarator T_LRBRACK T_RRBRACK
   51                  | Direct_Declarator T_LRBRACK Parameter_Type_List T_RRBRACK

   52 Parameter_Type_List: Parameter_List

   53 Parameter_List: Parameter_Declaration
   54               | Parameter_List T_COMMA Parameter_Declaration

   55 Parameter_Declaration: Declaration_Specifiers Declarator

   56 Declaration_Specifiers: Storage_Class_Specifier Declaration_Specifiers
   57                       | Storage_Class_Specifier
   58                       | Type_Specifier Declaration_Specifiers
   59                       | Type_Specifier
   60                       | Type_Qualifier Declaration_Specifiers
   61                       | Type_Qualifier

   62 Storage_Class_Specifier: T_TYPEDEF
   63                        | T_EXTERN
   64                        | T_STATIC
   65                        | T_AUTO
   66                        | T_REGISTER

   67 Type_Specifier: T_VOID
   68               | T_CHAR
   69               | T_SHORT
   70               | T_INT
   71               | T_LONG
   72               | T_FLOAT
   73               | T_DOUBLE
   74               | T_SIGNED
   75               | T_UNSIGNED

   76 Type_Qualifier: T_CONST
   77               | T_VOLATILE


Terminals, with rules where they appear

$end (0) 0
error (256)
T_TYPEDEF (258) 62
T_EXTERN (259) 63
T_STATIC (260) 64
T_AUTO (261) 65
T_REGISTER (262) 66
T_VOID (263) 67
T_CHAR (264) 68
T_SHORT (265) 69
T_INT (266) 70
T_LONG (267) 71
T_FLOAT (268) 72
T_DOUBLE (269) 73
T_SIGNED (270) 74
T_UNSIGNED (271) 75
T_CONST (272) 76
T_VOLATILE (273) 77
T_SEMICOLON (274) 13 14 24 25
T_EQUAL (275) 28
T_LCBRACK (276) 7 8 9 10
T_RCBRACK (277) 7 8 9 10
T_LRBRACK (278) 21 22 23 50 51
T_RRBRACK (279) 21 22 23 50 51
T_IDENTIFIER (280) 46 49
T_RETURN (281) 24 25
T_WHILE (282) 23
T_NUMBER (283) 47
T_COMMA (284) 54
T_IF (285) 21 22
T_ELSE (286) 21


Nonterminals, with rules where they appear

$accept (32)
    on left: 0
ROOT (33)
    on left: 1, on right: 0
Translation_Unit (34)
    on left: 2 3, on right: 1 3
External_Declaration (35)
    on left: 4 5, on right: 2 3
Function_Definition (36)
    on left: 6, on right: 5
Compound_Statement (37)
    on left: 7 8 9 10, on right: 6 17
Declaration_List (38)
    on left: 11 12, on right: 9 10 12
Declaration (39)
    on left: 13 14, on right: 4 11 12
Statement_List (40)
    on left: 15 16, on right: 8 10 16
Statement (41)
    on left: 17 18 19 20, on right: 15 16 21 22 23
Selection_Statement (42)
    on left: 21 22, on right: 18
Iteration_Statement (43)
    on left: 23, on right: 19
Return_Statement (44)
    on left: 24 25, on right: 20
Expression (45)
    on left: 26, on right: 21 22 23 25
Init_Declarator_List (46)
    on left: 27, on right: 14
Init_Declarator (47)
    on left: 28 29, on right: 27
Initializer (48)
    on left: 30, on right: 28
Assignment_Expression (49)
    on left: 31, on right: 26 30
Conditional_Expression (50)
    on left: 32, on right: 31
Logical_OR_Expression (51)
    on left: 33, on right: 32
Logical_AND_Expression (52)
    on left: 34, on right: 33
Inclusive_OR_Expressoin (53)
    on left: 35, on right: 34
Exclusive_OR_Expression (54)
    on left: 36, on right: 35
AND_Expression (55)
    on left: 37, on right: 36
Equality_Expression (56)
    on left: 38, on right: 37
Relational_Expression (57)
    on left: 39, on right: 38
Shift_Expression (58)
    on left: 40, on right: 39
Additive_Expression (59)
    on left: 41, on right: 40
Multiplicative_Expression (60)
    on left: 42, on right: 41
Cast_Expression (61)
    on left: 43, on right: 42
Unary_Expression (62)
    on left: 44, on right: 43
Postfix_Expression (63)
    on left: 45, on right: 44
Primary_Expression (64)
    on left: 46 47, on right: 45
Declarator (65)
    on left: 48, on right: 6 28 29 55
Direct_Declarator (66)
    on left: 49 50 51, on right: 48 50 51
Parameter_Type_List (67)
    on left: 52, on right: 51
Parameter_List (68)
    on left: 53 54, on right: 52 54
Parameter_Declaration (69)
    on left: 55, on right: 53 54
Declaration_Specifiers (70)
    on left: 56 57 58 59 60 61, on right: 6 13 14 55 56 58 60
Storage_Class_Specifier (71)
    on left: 62 63 64 65 66, on right: 56 57
Type_Specifier (72)
    on left: 67 68 69 70 71 72 73 74 75, on right: 58 59
Type_Qualifier (73)
    on left: 76 77, on right: 60 61


State 0

    0 $accept: . ROOT $end

    T_TYPEDEF   shift, and go to state 1
    T_EXTERN    shift, and go to state 2
    T_STATIC    shift, and go to state 3
    T_AUTO      shift, and go to state 4
    T_REGISTER  shift, and go to state 5
    T_VOID      shift, and go to state 6
    T_CHAR      shift, and go to state 7
    T_SHORT     shift, and go to state 8
    T_INT       shift, and go to state 9
    T_LONG      shift, and go to state 10
    T_FLOAT     shift, and go to state 11
    T_DOUBLE    shift, and go to state 12
    T_SIGNED    shift, and go to state 13
    T_UNSIGNED  shift, and go to state 14
    T_CONST     shift, and go to state 15
    T_VOLATILE  shift, and go to state 16

    ROOT                     go to state 17
    Translation_Unit         go to state 18
    External_Declaration     go to state 19
    Function_Definition      go to state 20
    Declaration              go to state 21
    Declaration_Specifiers   go to state 22
    Storage_Class_Specifier  go to state 23
    Type_Specifier           go to state 24
    Type_Qualifier           go to state 25


State 1

   62 Storage_Class_Specifier: T_TYPEDEF .

    $default  reduce using rule 62 (Storage_Class_Specifier)


State 2

   63 Storage_Class_Specifier: T_EXTERN .

    $default  reduce using rule 63 (Storage_Class_Specifier)


State 3

   64 Storage_Class_Specifier: T_STATIC .

    $default  reduce using rule 64 (Storage_Class_Specifier)


State 4

   65 Storage_Class_Specifier: T_AUTO .

    $default  reduce using rule 65 (Storage_Class_Specifier)


State 5

   66 Storage_Class_Specifier: T_REGISTER .

    $default  reduce using rule 66 (Storage_Class_Specifier)


State 6

   67 Type_Specifier: T_VOID .

    $default  reduce using rule 67 (Type_Specifier)


State 7

   68 Type_Specifier: T_CHAR .

    $default  reduce using rule 68 (Type_Specifier)


State 8

   69 Type_Specifier: T_SHORT .

    $default  reduce using rule 69 (Type_Specifier)


State 9

   70 Type_Specifier: T_INT .

    $default  reduce using rule 70 (Type_Specifier)


State 10

   71 Type_Specifier: T_LONG .

    $default  reduce using rule 71 (Type_Specifier)


State 11

   72 Type_Specifier: T_FLOAT .

    $default  reduce using rule 72 (Type_Specifier)


State 12

   73 Type_Specifier: T_DOUBLE .

    $default  reduce using rule 73 (Type_Specifier)


State 13

   74 Type_Specifier: T_SIGNED .

    $default  reduce using rule 74 (Type_Specifier)


State 14

   75 Type_Specifier: T_UNSIGNED .

    $default  reduce using rule 75 (Type_Specifier)


State 15

   76 Type_Qualifier: T_CONST .

    $default  reduce using rule 76 (Type_Qualifier)


State 16

   77 Type_Qualifier: T_VOLATILE .

    $default  reduce using rule 77 (Type_Qualifier)


State 17

    0 $accept: ROOT . $end

    $end  shift, and go to state 26


State 18

    1 ROOT: Translation_Unit .
    3 Translation_Unit: Translation_Unit . External_Declaration

    T_TYPEDEF   shift, and go to state 1
    T_EXTERN    shift, and go to state 2
    T_STATIC    shift, and go to state 3
    T_AUTO      shift, and go to state 4
    T_REGISTER  shift, and go to state 5
    T_VOID      shift, and go to state 6
    T_CHAR      shift, and go to state 7
    T_SHORT     shift, and go to state 8
    T_INT       shift, and go to state 9
    T_LONG      shift, and go to state 10
    T_FLOAT     shift, and go to state 11
    T_DOUBLE    shift, and go to state 12
    T_SIGNED    shift, and go to state 13
    T_UNSIGNED  shift, and go to state 14
    T_CONST     shift, and go to state 15
    T_VOLATILE  shift, and go to state 16

    $default  reduce using rule 1 (ROOT)

    External_Declaration     go to state 27
    Function_Definition      go to state 20
    Declaration              go to state 21
    Declaration_Specifiers   go to state 22
    Storage_Class_Specifier  go to state 23
    Type_Specifier           go to state 24
    Type_Qualifier           go to state 25


State 19

    2 Translation_Unit: External_Declaration .

    $default  reduce using rule 2 (Translation_Unit)


State 20

    5 External_Declaration: Function_Definition .

    $default  reduce using rule 5 (External_Declaration)


State 21

    4 External_Declaration: Declaration .

    $default  reduce using rule 4 (External_Declaration)


State 22

    6 Function_Definition: Declaration_Specifiers . Declarator Compound_Statement
   13 Declaration: Declaration_Specifiers . T_SEMICOLON
   14            | Declaration_Specifiers . Init_Declarator_List T_SEMICOLON

    T_SEMICOLON   shift, and go to state 28
    T_IDENTIFIER  shift, and go to state 29

    Init_Declarator_List  go to state 30
    Init_Declarator       go to state 31
    Declarator            go to state 32
    Direct_Declarator     go to state 33


State 23

   56 Declaration_Specifiers: Storage_Class_Specifier . Declaration_Specifiers
   57                       | Storage_Class_Specifier .

    T_TYPEDEF   shift, and go to state 1
    T_EXTERN    shift, and go to state 2
    T_STATIC    shift, and go to state 3
    T_AUTO      shift, and go to state 4
    T_REGISTER  shift, and go to state 5
    T_VOID      shift, and go to state 6
    T_CHAR      shift, and go to state 7
    T_SHORT     shift, and go to state 8
    T_INT       shift, and go to state 9
    T_LONG      shift, and go to state 10
    T_FLOAT     shift, and go to state 11
    T_DOUBLE    shift, and go to state 12
    T_SIGNED    shift, and go to state 13
    T_UNSIGNED  shift, and go to state 14
    T_CONST     shift, and go to state 15
    T_VOLATILE  shift, and go to state 16

    $default  reduce using rule 57 (Declaration_Specifiers)

    Declaration_Specifiers   go to state 34
    Storage_Class_Specifier  go to state 23
    Type_Specifier           go to state 24
    Type_Qualifier           go to state 25


State 24

   58 Declaration_Specifiers: Type_Specifier . Declaration_Specifiers
   59                       | Type_Specifier .

    T_TYPEDEF   shift, and go to state 1
    T_EXTERN    shift, and go to state 2
    T_STATIC    shift, and go to state 3
    T_AUTO      shift, and go to state 4
    T_REGISTER  shift, and go to state 5
    T_VOID      shift, and go to state 6
    T_CHAR      shift, and go to state 7
    T_SHORT     shift, and go to state 8
    T_INT       shift, and go to state 9
    T_LONG      shift, and go to state 10
    T_FLOAT     shift, and go to state 11
    T_DOUBLE    shift, and go to state 12
    T_SIGNED    shift, and go to state 13
    T_UNSIGNED  shift, and go to state 14
    T_CONST     shift, and go to state 15
    T_VOLATILE  shift, and go to state 16

    $default  reduce using rule 59 (Declaration_Specifiers)

    Declaration_Specifiers   go to state 35
    Storage_Class_Specifier  go to state 23
    Type_Specifier           go to state 24
    Type_Qualifier           go to state 25


State 25

   60 Declaration_Specifiers: Type_Qualifier . Declaration_Specifiers
   61                       | Type_Qualifier .

    T_TYPEDEF   shift, and go to state 1
    T_EXTERN    shift, and go to state 2
    T_STATIC    shift, and go to state 3
    T_AUTO      shift, and go to state 4
    T_REGISTER  shift, and go to state 5
    T_VOID      shift, and go to state 6
    T_CHAR      shift, and go to state 7
    T_SHORT     shift, and go to state 8
    T_INT       shift, and go to state 9
    T_LONG      shift, and go to state 10
    T_FLOAT     shift, and go to state 11
    T_DOUBLE    shift, and go to state 12
    T_SIGNED    shift, and go to state 13
    T_UNSIGNED  shift, and go to state 14
    T_CONST     shift, and go to state 15
    T_VOLATILE  shift, and go to state 16

    $default  reduce using rule 61 (Declaration_Specifiers)

    Declaration_Specifiers   go to state 36
    Storage_Class_Specifier  go to state 23
    Type_Specifier           go to state 24
    Type_Qualifier           go to state 25


State 26

    0 $accept: ROOT $end .

    $default  accept


State 27

    3 Translation_Unit: Translation_Unit External_Declaration .

    $default  reduce using rule 3 (Translation_Unit)


State 28

   13 Declaration: Declaration_Specifiers T_SEMICOLON .

    $default  reduce using rule 13 (Declaration)


State 29

   49 Direct_Declarator: T_IDENTIFIER .

    $default  reduce using rule 49 (Direct_Declarator)


State 30

   14 Declaration: Declaration_Specifiers Init_Declarator_List . T_SEMICOLON

    T_SEMICOLON  shift, and go to state 37


State 31

   27 Init_Declarator_List: Init_Declarator .

    $default  reduce using rule 27 (Init_Declarator_List)


State 32

    6 Function_Definition: Declaration_Specifiers Declarator . Compound_Statement
   28 Init_Declarator: Declarator . T_EQUAL Initializer
   29                | Declarator .

    T_EQUAL    shift, and go to state 38
    T_LCBRACK  shift, and go to state 39

    $default  reduce using rule 29 (Init_Declarator)

    Compound_Statement  go to state 40


State 33

   48 Declarator: Direct_Declarator .
   50 Direct_Declarator: Direct_Declarator . T_LRBRACK T_RRBRACK
   51                  | Direct_Declarator . T_LRBRACK Parameter_Type_List T_RRBRACK

    T_LRBRACK  shift, and go to state 41

    $default  reduce using rule 48 (Declarator)


State 34

   56 Declaration_Specifiers: Storage_Class_Specifier Declaration_Specifiers .

    $default  reduce using rule 56 (Declaration_Specifiers)


State 35

   58 Declaration_Specifiers: Type_Specifier Declaration_Specifiers .

    $default  reduce using rule 58 (Declaration_Specifiers)


State 36

   60 Declaration_Specifiers: Type_Qualifier Declaration_Specifiers .

    $default  reduce using rule 60 (Declaration_Specifiers)


State 37

   14 Declaration: Declaration_Specifiers Init_Declarator_List T_SEMICOLON .

    $default  reduce using rule 14 (Declaration)


State 38

   28 Init_Declarator: Declarator T_EQUAL . Initializer

    T_IDENTIFIER  shift, and go to state 42
    T_NUMBER      shift, and go to state 43

    Initializer                go to state 44
    Assignment_Expression      go to state 45
    Conditional_Expression     go to state 46
    Logical_OR_Expression      go to state 47
    Logical_AND_Expression     go to state 48
    Inclusive_OR_Expressoin    go to state 49
    Exclusive_OR_Expression    go to state 50
    AND_Expression             go to state 51
    Equality_Expression        go to state 52
    Relational_Expression      go to state 53
    Shift_Expression           go to state 54
    Additive_Expression        go to state 55
    Multiplicative_Expression  go to state 56
    Cast_Expression            go to state 57
    Unary_Expression           go to state 58
    Postfix_Expression         go to state 59
    Primary_Expression         go to state 60


State 39

    7 Compound_Statement: T_LCBRACK . T_RCBRACK
    8                   | T_LCBRACK . Statement_List T_RCBRACK
    9                   | T_LCBRACK . Declaration_List T_RCBRACK
   10                   | T_LCBRACK . Declaration_List Statement_List T_RCBRACK

    T_TYPEDEF   shift, and go to state 1
    T_EXTERN    shift, and go to state 2
    T_STATIC    shift, and go to state 3
    T_AUTO      shift, and go to state 4
    T_REGISTER  shift, and go to state 5
    T_VOID      shift, and go to state 6
    T_CHAR      shift, and go to state 7
    T_SHORT     shift, and go to state 8
    T_INT       shift, and go to state 9
    T_LONG      shift, and go to state 10
    T_FLOAT     shift, and go to state 11
    T_DOUBLE    shift, and go to state 12
    T_SIGNED    shift, and go to state 13
    T_UNSIGNED  shift, and go to state 14
    T_CONST     shift, and go to state 15
    T_VOLATILE  shift, and go to state 16
    T_LCBRACK   shift, and go to state 39
    T_RCBRACK   shift, and go to state 61
    T_RETURN    shift, and go to state 62
    T_WHILE     shift, and go to state 63
    T_IF        shift, and go to state 64

    Compound_Statement       go to state 65
    Declaration_List         go to state 66
    Declaration              go to state 67
    Statement_List           go to state 68
    Statement                go to state 69
    Selection_Statement      go to state 70
    Iteration_Statement      go to state 71
    Return_Statement         go to state 72
    Declaration_Specifiers   go to state 73
    Storage_Class_Specifier  go to state 23
    Type_Specifier           go to state 24
    Type_Qualifier           go to state 25


State 40

    6 Function_Definition: Declaration_Specifiers Declarator Compound_Statement .

    $default  reduce using rule 6 (Function_Definition)


State 41

   50 Direct_Declarator: Direct_Declarator T_LRBRACK . T_RRBRACK
   51                  | Direct_Declarator T_LRBRACK . Parameter_Type_List T_RRBRACK

    T_TYPEDEF   shift, and go to state 1
    T_EXTERN    shift, and go to state 2
    T_STATIC    shift, and go to state 3
    T_AUTO      shift, and go to state 4
    T_REGISTER  shift, and go to state 5
    T_VOID      shift, and go to state 6
    T_CHAR      shift, and go to state 7
    T_SHORT     shift, and go to state 8
    T_INT       shift, and go to state 9
    T_LONG      shift, and go to state 10
    T_FLOAT     shift, and go to state 11
    T_DOUBLE    shift, and go to state 12
    T_SIGNED    shift, and go to state 13
    T_UNSIGNED  shift, and go to state 14
    T_CONST     shift, and go to state 15
    T_VOLATILE  shift, and go to state 16
    T_RRBRACK   shift, and go to state 74

    Parameter_Type_List      go to state 75
    Parameter_List           go to state 76
    Parameter_Declaration    go to state 77
    Declaration_Specifiers   go to state 78
    Storage_Class_Specifier  go to state 23
    Type_Specifier           go to state 24
    Type_Qualifier           go to state 25


State 42

   46 Primary_Expression: T_IDENTIFIER .

    $default  reduce using rule 46 (Primary_Expression)


State 43

   47 Primary_Expression: T_NUMBER .

    $default  reduce using rule 47 (Primary_Expression)


State 44

   28 Init_Declarator: Declarator T_EQUAL Initializer .

    $default  reduce using rule 28 (Init_Declarator)


State 45

   30 Initializer: Assignment_Expression .

    $default  reduce using rule 30 (Initializer)


State 46

   31 Assignment_Expression: Conditional_Expression .

    $default  reduce using rule 31 (Assignment_Expression)


State 47

   32 Conditional_Expression: Logical_OR_Expression .

    $default  reduce using rule 32 (Conditional_Expression)


State 48

   33 Logical_OR_Expression: Logical_AND_Expression .

    $default  reduce using rule 33 (Logical_OR_Expression)


State 49

   34 Logical_AND_Expression: Inclusive_OR_Expressoin .

    $default  reduce using rule 34 (Logical_AND_Expression)


State 50

   35 Inclusive_OR_Expressoin: Exclusive_OR_Expression .

    $default  reduce using rule 35 (Inclusive_OR_Expressoin)


State 51

   36 Exclusive_OR_Expression: AND_Expression .

    $default  reduce using rule 36 (Exclusive_OR_Expression)


State 52

   37 AND_Expression: Equality_Expression .

    $default  reduce using rule 37 (AND_Expression)


State 53

   38 Equality_Expression: Relational_Expression .

    $default  reduce using rule 38 (Equality_Expression)


State 54

   39 Relational_Expression: Shift_Expression .

    $default  reduce using rule 39 (Relational_Expression)


State 55

   40 Shift_Expression: Additive_Expression .

    $default  reduce using rule 40 (Shift_Expression)


State 56

   41 Additive_Expression: Multiplicative_Expression .

    $default  reduce using rule 41 (Additive_Expression)


State 57

   42 Multiplicative_Expression: Cast_Expression .

    $default  reduce using rule 42 (Multiplicative_Expression)


State 58

   43 Cast_Expression: Unary_Expression .

    $default  reduce using rule 43 (Cast_Expression)


State 59

   44 Unary_Expression: Postfix_Expression .

    $default  reduce using rule 44 (Unary_Expression)


State 60

   45 Postfix_Expression: Primary_Expression .

    $default  reduce using rule 45 (Postfix_Expression)


State 61

    7 Compound_Statement: T_LCBRACK T_RCBRACK .

    $default  reduce using rule 7 (Compound_Statement)


State 62

   24 Return_Statement: T_RETURN . T_SEMICOLON
   25                 | T_RETURN . Expression T_SEMICOLON

    T_SEMICOLON   shift, and go to state 79
    T_IDENTIFIER  shift, and go to state 42
    T_NUMBER      shift, and go to state 43

    Expression                 go to state 80
    Assignment_Expression      go to state 81
    Conditional_Expression     go to state 46
    Logical_OR_Expression      go to state 47
    Logical_AND_Expression     go to state 48
    Inclusive_OR_Expressoin    go to state 49
    Exclusive_OR_Expression    go to state 50
    AND_Expression             go to state 51
    Equality_Expression        go to state 52
    Relational_Expression      go to state 53
    Shift_Expression           go to state 54
    Additive_Expression        go to state 55
    Multiplicative_Expression  go to state 56
    Cast_Expression            go to state 57
    Unary_Expression           go to state 58
    Postfix_Expression         go to state 59
    Primary_Expression         go to state 60


State 63

   23 Iteration_Statement: T_WHILE . T_LRBRACK Expression T_RRBRACK Statement

    T_LRBRACK  shift, and go to state 82


State 64

   21 Selection_Statement: T_IF . T_LRBRACK Expression T_RRBRACK Statement T_ELSE Statement
   22                    | T_IF . T_LRBRACK Expression T_RRBRACK Statement

    T_LRBRACK  shift, and go to state 83


State 65

   17 Statement: Compound_Statement .

    $default  reduce using rule 17 (Statement)


State 66

    9 Compound_Statement: T_LCBRACK Declaration_List . T_RCBRACK
   10                   | T_LCBRACK Declaration_List . Statement_List T_RCBRACK
   12 Declaration_List: Declaration_List . Declaration

    T_TYPEDEF   shift, and go to state 1
    T_EXTERN    shift, and go to state 2
    T_STATIC    shift, and go to state 3
    T_AUTO      shift, and go to state 4
    T_REGISTER  shift, and go to state 5
    T_VOID      shift, and go to state 6
    T_CHAR      shift, and go to state 7
    T_SHORT     shift, and go to state 8
    T_INT       shift, and go to state 9
    T_LONG      shift, and go to state 10
    T_FLOAT     shift, and go to state 11
    T_DOUBLE    shift, and go to state 12
    T_SIGNED    shift, and go to state 13
    T_UNSIGNED  shift, and go to state 14
    T_CONST     shift, and go to state 15
    T_VOLATILE  shift, and go to state 16
    T_LCBRACK   shift, and go to state 39
    T_RCBRACK   shift, and go to state 84
    T_RETURN    shift, and go to state 62
    T_WHILE     shift, and go to state 63
    T_IF        shift, and go to state 64

    Compound_Statement       go to state 65
    Declaration              go to state 85
    Statement_List           go to state 86
    Statement                go to state 69
    Selection_Statement      go to state 70
    Iteration_Statement      go to state 71
    Return_Statement         go to state 72
    Declaration_Specifiers   go to state 73
    Storage_Class_Specifier  go to state 23
    Type_Specifier           go to state 24
    Type_Qualifier           go to state 25


State 67

   11 Declaration_List: Declaration .

    $default  reduce using rule 11 (Declaration_List)


State 68

    8 Compound_Statement: T_LCBRACK Statement_List . T_RCBRACK
   16 Statement_List: Statement_List . Statement

    T_LCBRACK  shift, and go to state 39
    T_RCBRACK  shift, and go to state 87
    T_RETURN   shift, and go to state 62
    T_WHILE    shift, and go to state 63
    T_IF       shift, and go to state 64

    Compound_Statement   go to state 65
    Statement            go to state 88
    Selection_Statement  go to state 70
    Iteration_Statement  go to state 71
    Return_Statement     go to state 72


State 69

   15 Statement_List: Statement .

    $default  reduce using rule 15 (Statement_List)


State 70

   18 Statement: Selection_Statement .

    $default  reduce using rule 18 (Statement)


State 71

   19 Statement: Iteration_Statement .

    $default  reduce using rule 19 (Statement)


State 72

   20 Statement: Return_Statement .

    $default  reduce using rule 20 (Statement)


State 73

   13 Declaration: Declaration_Specifiers . T_SEMICOLON
   14            | Declaration_Specifiers . Init_Declarator_List T_SEMICOLON

    T_SEMICOLON   shift, and go to state 28
    T_IDENTIFIER  shift, and go to state 29

    Init_Declarator_List  go to state 30
    Init_Declarator       go to state 31
    Declarator            go to state 89
    Direct_Declarator     go to state 33


State 74

   50 Direct_Declarator: Direct_Declarator T_LRBRACK T_RRBRACK .

    $default  reduce using rule 50 (Direct_Declarator)


State 75

   51 Direct_Declarator: Direct_Declarator T_LRBRACK Parameter_Type_List . T_RRBRACK

    T_RRBRACK  shift, and go to state 90


State 76

   52 Parameter_Type_List: Parameter_List .
   54 Parameter_List: Parameter_List . T_COMMA Parameter_Declaration

    T_COMMA  shift, and go to state 91

    $default  reduce using rule 52 (Parameter_Type_List)


State 77

   53 Parameter_List: Parameter_Declaration .

    $default  reduce using rule 53 (Parameter_List)


State 78

   55 Parameter_Declaration: Declaration_Specifiers . Declarator

    T_IDENTIFIER  shift, and go to state 29

    Declarator         go to state 92
    Direct_Declarator  go to state 33


State 79

   24 Return_Statement: T_RETURN T_SEMICOLON .

    $default  reduce using rule 24 (Return_Statement)


State 80

   25 Return_Statement: T_RETURN Expression . T_SEMICOLON

    T_SEMICOLON  shift, and go to state 93


State 81

   26 Expression: Assignment_Expression .

    $default  reduce using rule 26 (Expression)


State 82

   23 Iteration_Statement: T_WHILE T_LRBRACK . Expression T_RRBRACK Statement

    T_IDENTIFIER  shift, and go to state 42
    T_NUMBER      shift, and go to state 43

    Expression                 go to state 94
    Assignment_Expression      go to state 81
    Conditional_Expression     go to state 46
    Logical_OR_Expression      go to state 47
    Logical_AND_Expression     go to state 48
    Inclusive_OR_Expressoin    go to state 49
    Exclusive_OR_Expression    go to state 50
    AND_Expression             go to state 51
    Equality_Expression        go to state 52
    Relational_Expression      go to state 53
    Shift_Expression           go to state 54
    Additive_Expression        go to state 55
    Multiplicative_Expression  go to state 56
    Cast_Expression            go to state 57
    Unary_Expression           go to state 58
    Postfix_Expression         go to state 59
    Primary_Expression         go to state 60


State 83

   21 Selection_Statement: T_IF T_LRBRACK . Expression T_RRBRACK Statement T_ELSE Statement
   22                    | T_IF T_LRBRACK . Expression T_RRBRACK Statement

    T_IDENTIFIER  shift, and go to state 42
    T_NUMBER      shift, and go to state 43

    Expression                 go to state 95
    Assignment_Expression      go to state 81
    Conditional_Expression     go to state 46
    Logical_OR_Expression      go to state 47
    Logical_AND_Expression     go to state 48
    Inclusive_OR_Expressoin    go to state 49
    Exclusive_OR_Expression    go to state 50
    AND_Expression             go to state 51
    Equality_Expression        go to state 52
    Relational_Expression      go to state 53
    Shift_Expression           go to state 54
    Additive_Expression        go to state 55
    Multiplicative_Expression  go to state 56
    Cast_Expression            go to state 57
    Unary_Expression           go to state 58
    Postfix_Expression         go to state 59
    Primary_Expression         go to state 60


State 84

    9 Compound_Statement: T_LCBRACK Declaration_List T_RCBRACK .

    $default  reduce using rule 9 (Compound_Statement)


State 85

   12 Declaration_List: Declaration_List Declaration .

    $default  reduce using rule 12 (Declaration_List)


State 86

   10 Compound_Statement: T_LCBRACK Declaration_List Statement_List . T_RCBRACK
   16 Statement_List: Statement_List . Statement

    T_LCBRACK  shift, and go to state 39
    T_RCBRACK  shift, and go to state 96
    T_RETURN   shift, and go to state 62
    T_WHILE    shift, and go to state 63
    T_IF       shift, and go to state 64

    Compound_Statement   go to state 65
    Statement            go to state 88
    Selection_Statement  go to state 70
    Iteration_Statement  go to state 71
    Return_Statement     go to state 72


State 87

    8 Compound_Statement: T_LCBRACK Statement_List T_RCBRACK .

    $default  reduce using rule 8 (Compound_Statement)


State 88

   16 Statement_List: Statement_List Statement .

    $default  reduce using rule 16 (Statement_List)


State 89

   28 Init_Declarator: Declarator . T_EQUAL Initializer
   29                | Declarator .

    T_EQUAL  shift, and go to state 38

    $default  reduce using rule 29 (Init_Declarator)


State 90

   51 Direct_Declarator: Direct_Declarator T_LRBRACK Parameter_Type_List T_RRBRACK .

    $default  reduce using rule 51 (Direct_Declarator)


State 91

   54 Parameter_List: Parameter_List T_COMMA . Parameter_Declaration

    T_TYPEDEF   shift, and go to state 1
    T_EXTERN    shift, and go to state 2
    T_STATIC    shift, and go to state 3
    T_AUTO      shift, and go to state 4
    T_REGISTER  shift, and go to state 5
    T_VOID      shift, and go to state 6
    T_CHAR      shift, and go to state 7
    T_SHORT     shift, and go to state 8
    T_INT       shift, and go to state 9
    T_LONG      shift, and go to state 10
    T_FLOAT     shift, and go to state 11
    T_DOUBLE    shift, and go to state 12
    T_SIGNED    shift, and go to state 13
    T_UNSIGNED  shift, and go to state 14
    T_CONST     shift, and go to state 15
    T_VOLATILE  shift, and go to state 16

    Parameter_Declaration    go to state 97
    Declaration_Specifiers   go to state 78
    Storage_Class_Specifier  go to state 23
    Type_Specifier           go to state 24
    Type_Qualifier           go to state 25


State 92

   55 Parameter_Declaration: Declaration_Specifiers Declarator .

    $default  reduce using rule 55 (Parameter_Declaration)


State 93

   25 Return_Statement: T_RETURN Expression T_SEMICOLON .

    $default  reduce using rule 25 (Return_Statement)


State 94

   23 Iteration_Statement: T_WHILE T_LRBRACK Expression . T_RRBRACK Statement

    T_RRBRACK  shift, and go to state 98


State 95

   21 Selection_Statement: T_IF T_LRBRACK Expression . T_RRBRACK Statement T_ELSE Statement
   22                    | T_IF T_LRBRACK Expression . T_RRBRACK Statement

    T_RRBRACK  shift, and go to state 99


State 96

   10 Compound_Statement: T_LCBRACK Declaration_List Statement_List T_RCBRACK .

    $default  reduce using rule 10 (Compound_Statement)


State 97

   54 Parameter_List: Parameter_List T_COMMA Parameter_Declaration .

    $default  reduce using rule 54 (Parameter_List)


State 98

   23 Iteration_Statement: T_WHILE T_LRBRACK Expression T_RRBRACK . Statement

    T_LCBRACK  shift, and go to state 39
    T_RETURN   shift, and go to state 62
    T_WHILE    shift, and go to state 63
    T_IF       shift, and go to state 64

    Compound_Statement   go to state 65
    Statement            go to state 100
    Selection_Statement  go to state 70
    Iteration_Statement  go to state 71
    Return_Statement     go to state 72


State 99

   21 Selection_Statement: T_IF T_LRBRACK Expression T_RRBRACK . Statement T_ELSE Statement
   22                    | T_IF T_LRBRACK Expression T_RRBRACK . Statement

    T_LCBRACK  shift, and go to state 39
    T_RETURN   shift, and go to state 62
    T_WHILE    shift, and go to state 63
    T_IF       shift, and go to state 64

    Compound_Statement   go to state 65
    Statement            go to state 101
    Selection_Statement  go to state 70
    Iteration_Statement  go to state 71
    Return_Statement     go to state 72


State 100

   23 Iteration_Statement: T_WHILE T_LRBRACK Expression T_RRBRACK Statement .

    $default  reduce using rule 23 (Iteration_Statement)


State 101

   21 Selection_Statement: T_IF T_LRBRACK Expression T_RRBRACK Statement . T_ELSE Statement
   22                    | T_IF T_LRBRACK Expression T_RRBRACK Statement .

    T_ELSE  shift, and go to state 102

    T_ELSE    [reduce using rule 22 (Selection_Statement)]
    $default  reduce using rule 22 (Selection_Statement)


State 102

   21 Selection_Statement: T_IF T_LRBRACK Expression T_RRBRACK Statement T_ELSE . Statement

    T_LCBRACK  shift, and go to state 39
    T_RETURN   shift, and go to state 62
    T_WHILE    shift, and go to state 63
    T_IF       shift, and go to state 64

    Compound_Statement   go to state 65
    Statement            go to state 103
    Selection_Statement  go to state 70
    Iteration_Statement  go to state 71
    Return_Statement     go to state 72


State 103

   21 Selection_Statement: T_IF T_LRBRACK Expression T_RRBRACK Statement T_ELSE Statement .

    $default  reduce using rule 21 (Selection_Statement)
